[2019-06-09 22:11:05][DEBUG][ERROR] : [Class 'App\HttpController\Api\abc' not found at file:/home/vagrant/code/easyswoole/App/HttpController/Api/Index.php line:16]
[2019-06-09 22:11:19][DEBUG][ERROR] : [Class 'App\HttpController\Api\abc' not found at file:/home/vagrant/code/easyswoole/App/HttpController/Api/Index.php line:16]
[2019-06-10 01:17:21][DEBUG][WARNING] : [explode() expects parameter 2 to be string, array given at file:/home/vagrant/code/easyswoole/vendor/easyswoole/spl/src/SplArray.php line:66]
[2019-06-10 01:17:21][DEBUG][WARNING] : [array_shift() expects parameter 1 to be array, null given at file:/home/vagrant/code/easyswoole/vendor/easyswoole/spl/src/SplArray.php line:68]
[2019-06-10 01:17:22][DEBUG][WARNING] : [explode() expects parameter 2 to be string, array given at file:/home/vagrant/code/easyswoole/vendor/easyswoole/spl/src/SplArray.php line:66]
[2019-06-10 01:17:22][DEBUG][WARNING] : [array_shift() expects parameter 1 to be array, null given at file:/home/vagrant/code/easyswoole/vendor/easyswoole/spl/src/SplArray.php line:68]
[2019-06-10 18:08:58][DEBUG][ERROR] : [Call to undefined method App\Libs\Redis\redisTool::set() at file:/home/vagrant/code/easyswoole/App/HttpController/Index.php line:36]
[2019-06-10 18:14:58][DEBUG][ERROR] : [Call to undefined method App\Libs\Redis\redisTool::set() at file:/home/vagrant/code/easyswoole/App/HttpController/Index.php line:38]
[2019-06-10 21:22:00][DEBUG][ERROR] : [Class 'App\HttpController\Yaconf' not found at file:/home/vagrant/code/easyswoole/App/HttpController/Index.php line:43]
[2019-06-10 21:22:07][DEBUG][ERROR] : [Class 'App\HttpController\Yaconf' not found at file:/home/vagrant/code/easyswoole/App/HttpController/Index.php line:43]
[2019-06-11 18:30:28][DEBUG][WARNING] : [Use of undefined constant task_list - assumed 'task_list' (this will throw an Error in a future version of PHP) at file:/home/vagrant/code/easyswoole/App/HttpController/Index.php line:48]
[2019-06-11 18:30:28][DEBUG][ERROR] : [WRONGTYPE Operation against a key holding the wrong kind of value at file:/home/vagrant/code/easyswoole/vendor/predis/predis/src/Client.php line:370]
[2019-06-11 18:32:07][DEBUG][ERROR] : [Argument 2 passed to App\Libs\Redis\RedisTool::produce() must be of the type array, string given, called in /home/vagrant/code/easyswoole/App/HttpController/Index.php on line 44 at file:/home/vagrant/code/easyswoole/App/Libs/Redis/redisTool.php line:45]
[2019-06-11 18:34:11][DEBUG][WARNING] : [Use of undefined constant task_list - assumed 'task_list' (this will throw an Error in a future version of PHP) at file:/home/vagrant/code/easyswoole/App/HttpController/Index.php line:48]
[2019-06-11 18:34:11][DEBUG][ERROR] : [WRONGTYPE Operation against a key holding the wrong kind of value at file:/home/vagrant/code/easyswoole/vendor/predis/predis/src/Client.php line:370]
[2019-06-11 18:35:06][DEBUG][WARNING] : [Use of undefined constant task_list - assumed 'task_list' (this will throw an Error in a future version of PHP) at file:/home/vagrant/code/easyswoole/App/HttpController/Index.php line:48]
[2019-06-11 18:35:06][DEBUG][ERROR] : [WRONGTYPE Operation against a key holding the wrong kind of value at file:/home/vagrant/code/easyswoole/vendor/predis/predis/src/Client.php line:370]
[2019-06-11 18:36:28][DEBUG][ERROR] : [WRONGTYPE Operation against a key holding the wrong kind of value at file:/home/vagrant/code/easyswoole/vendor/predis/predis/src/Client.php line:370]
[2019-06-11 18:36:31][DEBUG][ERROR] : [WRONGTYPE Operation against a key holding the wrong kind of value at file:/home/vagrant/code/easyswoole/vendor/predis/predis/src/Client.php line:370]
[2019-06-11 18:36:32][DEBUG][ERROR] : [WRONGTYPE Operation against a key holding the wrong kind of value at file:/home/vagrant/code/easyswoole/vendor/predis/predis/src/Client.php line:370]
[2019-06-11 18:36:32][DEBUG][ERROR] : [WRONGTYPE Operation against a key holding the wrong kind of value at file:/home/vagrant/code/easyswoole/vendor/predis/predis/src/Client.php line:370]
[2019-06-11 18:36:33][DEBUG][ERROR] : [WRONGTYPE Operation against a key holding the wrong kind of value at file:/home/vagrant/code/easyswoole/vendor/predis/predis/src/Client.php line:370]
[2019-06-11 18:36:33][DEBUG][ERROR] : [WRONGTYPE Operation against a key holding the wrong kind of value at file:/home/vagrant/code/easyswoole/vendor/predis/predis/src/Client.php line:370]
[2019-06-11 18:38:37][DEBUG][ERROR] : [WRONGTYPE Operation against a key holding the wrong kind of value at file:/home/vagrant/code/easyswoole/vendor/predis/predis/src/Client.php line:370]
[2019-06-11 18:38:38][DEBUG][ERROR] : [WRONGTYPE Operation against a key holding the wrong kind of value at file:/home/vagrant/code/easyswoole/vendor/predis/predis/src/Client.php line:370]
[2019-06-11 18:38:39][DEBUG][ERROR] : [WRONGTYPE Operation against a key holding the wrong kind of value at file:/home/vagrant/code/easyswoole/vendor/predis/predis/src/Client.php line:370]
[2019-06-11 18:38:39][DEBUG][ERROR] : [WRONGTYPE Operation against a key holding the wrong kind of value at file:/home/vagrant/code/easyswoole/vendor/predis/predis/src/Client.php line:370]
[2019-06-11 18:38:39][DEBUG][ERROR] : [WRONGTYPE Operation against a key holding the wrong kind of value at file:/home/vagrant/code/easyswoole/vendor/predis/predis/src/Client.php line:370]
[2019-06-11 18:46:03][DEBUG][INFO] : [consumer_0------rong]
[2019-06-11 18:46:03][DEBUG][INFO] : [consumer_0------huang]
[2019-06-11 18:46:03][DEBUG][INFO] : [consumer_1------xiang]
[2019-06-11 18:46:03][DEBUG][INFO] : [consumer_0------rong]
[2019-06-11 18:46:03][DEBUG][INFO] : [consumer_1------xiang]
[2019-06-11 18:46:03][DEBUG][INFO] : [consumer_0------huang]
[2019-06-11 18:46:03][DEBUG][INFO] : [consumer_0------xiang]
[2019-06-11 18:46:03][DEBUG][INFO] : [consumer_1------rong]
[2019-06-11 18:46:03][DEBUG][INFO] : [consumer_0------rong]
[2019-06-11 18:46:03][DEBUG][INFO] : [consumer_1------xiang]
[2019-06-11 18:46:03][DEBUG][INFO] : [consumer_2------huang]
[2019-06-11 18:46:03][DEBUG][INFO] : [consumer_0------huang]
[2019-06-11 18:46:03][DEBUG][INFO] : [consumer_2------xiang]
[2019-06-11 18:46:03][DEBUG][INFO] : [consumer_1------rong]
[2019-06-11 18:46:03][DEBUG][INFO] : [consumer_0------huang]
[2019-06-11 18:46:03][DEBUG][INFO] : [consumer_1------xiang]
[2019-06-11 18:46:03][DEBUG][INFO] : [consumer_0------huang]
[2019-06-11 18:46:03][DEBUG][INFO] : [consumer_2------rong]
[2019-06-11 18:46:03][DEBUG][INFO] : [consumer_1------rong]
[2019-06-11 18:46:03][DEBUG][INFO] : [consumer_0------xiang]
[2019-06-11 18:46:03][DEBUG][INFO] : [consumer_1------rong]
[2019-06-11 18:46:03][DEBUG][INFO] : [consumer_2------huang]
[2019-06-11 18:46:03][DEBUG][INFO] : [consumer_0------xiang]
[2019-06-11 18:46:03][DEBUG][INFO] : [consumer_1------huang]
[2019-06-11 18:46:03][DEBUG][INFO] : [consumer_2------rong]
[2019-06-11 18:46:03][DEBUG][INFO] : [consumer_0------xiang]
[2019-06-11 18:46:03][DEBUG][INFO] : [consumer_2------rong]
[2019-06-11 18:46:03][DEBUG][INFO] : [consumer_1------huang]
[2019-06-11 18:46:03][DEBUG][INFO] : [consumer_0------xiang]
[2019-06-11 18:46:03][DEBUG][INFO] : [consumer_1------rong]
[2019-06-11 18:46:03][DEBUG][INFO] : [consumer_2------huang]
[2019-06-11 18:46:03][DEBUG][INFO] : [consumer_0------xiang]
[2019-06-11 18:46:03][DEBUG][INFO] : [consumer_1------huang]
[2019-06-11 18:46:03][DEBUG][INFO] : [consumer_2------rong]
[2019-06-11 18:46:03][DEBUG][INFO] : [consumer_0------xiang]
[2019-06-11 18:46:03][DEBUG][INFO] : [consumer_1------huang]
[2019-06-11 18:46:03][DEBUG][INFO] : [consumer_2------rong]
[2019-06-11 18:46:03][DEBUG][INFO] : [consumer_0------xiang]
[2019-06-11 18:46:03][DEBUG][INFO] : [consumer_2------rong]
[2019-06-11 18:46:03][DEBUG][INFO] : [consumer_1------huang]
[2019-06-11 18:46:03][DEBUG][INFO] : [consumer_0------xiang]
[2019-06-11 18:46:03][DEBUG][INFO] : [consumer_2------huang]
[2019-06-11 18:46:03][DEBUG][INFO] : [consumer_1------rong]
[2019-06-11 18:46:03][DEBUG][INFO] : [consumer_0------xiang]
[2019-06-11 18:46:03][DEBUG][INFO] : [consumer_2------huang]
[2019-06-11 18:46:03][DEBUG][INFO] : [consumer_1------rong]
[2019-06-11 18:46:03][DEBUG][INFO] : [consumer_0------xiang]
[2019-06-11 18:46:03][DEBUG][INFO] : [consumer_2------huang]
[2019-06-11 18:46:03][DEBUG][INFO] : [consumer_1------rong]
[2019-06-11 18:46:03][DEBUG][INFO] : [consumer_2------huang]
[2019-06-11 18:46:03][DEBUG][INFO] : [consumer_0------xiang]
[2019-06-11 18:46:03][DEBUG][INFO] : [consumer_1------rong]
[2019-06-11 18:46:03][DEBUG][INFO] : [consumer_2------xiang]
[2019-06-11 18:46:03][DEBUG][INFO] : [consumer_0------huang]
[2019-06-11 18:46:03][DEBUG][INFO] : [consumer_1------rong]
[2019-06-11 18:46:03][DEBUG][INFO] : [consumer_2------xiang]
[2019-06-11 18:46:03][DEBUG][INFO] : [consumer_0------huang]
[2019-06-11 18:46:03][DEBUG][INFO] : [consumer_1------rong]
[2019-06-11 18:46:03][DEBUG][INFO] : [consumer_1------rong]
[2019-06-11 18:46:03][DEBUG][INFO] : [consumer_2------xiang]
[2019-06-11 18:46:03][DEBUG][INFO] : [consumer_0------huang]
[2019-06-11 18:46:03][DEBUG][INFO] : [consumer_1------xiang]
[2019-06-11 18:46:03][DEBUG][INFO] : [consumer_2------huang]
[2019-06-11 18:46:03][DEBUG][INFO] : [consumer_0------rong]
[2019-06-11 18:46:03][DEBUG][INFO] : [consumer_1------xiang]
[2019-06-11 18:46:03][DEBUG][INFO] : [consumer_0------rong]
[2019-06-11 18:46:03][DEBUG][INFO] : [consumer_2------huang]
[2019-06-11 18:46:03][DEBUG][INFO] : [consumer_1------xiang]
[2019-06-11 18:46:03][DEBUG][INFO] : [consumer_0------huang]
[2019-06-11 18:46:03][DEBUG][INFO] : [consumer_2------rong]
[2019-06-11 18:46:03][DEBUG][INFO] : [consumer_1------xiang]
[2019-06-11 18:46:03][DEBUG][INFO] : [consumer_2------rong]
[2019-06-11 18:46:03][DEBUG][INFO] : [consumer_1------xiang]
[2019-06-11 18:46:03][DEBUG][INFO] : [consumer_0------huang]
[2019-06-11 18:46:03][DEBUG][INFO] : [consumer_2------huang]
[2019-06-11 18:46:03][DEBUG][INFO] : [consumer_1------xiang]
[2019-06-11 18:46:03][DEBUG][INFO] : [consumer_0------rong]
[2019-06-11 18:46:03][DEBUG][INFO] : [consumer_2------huang]
[2019-06-11 18:46:03][DEBUG][INFO] : [consumer_0------rong]
[2019-06-11 18:46:03][DEBUG][INFO] : [consumer_1------xiang]
[2019-06-11 18:46:03][DEBUG][INFO] : [consumer_2------huang]
[2019-06-11 18:46:03][DEBUG][INFO] : [consumer_1------xiang]
[2019-06-11 18:46:03][DEBUG][INFO] : [consumer_0------rong]
[2019-06-11 18:46:03][DEBUG][INFO] : [consumer_2------huang]
[2019-06-11 18:46:03][DEBUG][INFO] : [consumer_1------rong]
[2019-06-11 18:46:03][DEBUG][INFO] : [consumer_2------huang]
[2019-06-11 18:46:03][DEBUG][INFO] : [consumer_0------xiang]
[2019-06-11 18:46:03][DEBUG][INFO] : [consumer_1------rong]
[2019-06-11 18:46:03][DEBUG][INFO] : [consumer_2------xiang]
[2019-06-11 18:46:03][DEBUG][INFO] : [consumer_0------huang]
[2019-06-11 18:46:03][DEBUG][INFO] : [consumer_1------huang]
[2019-06-11 18:46:03][DEBUG][INFO] : [consumer_2------xiang]
[2019-06-11 18:46:03][DEBUG][INFO] : [consumer_0------rong]
[2019-06-11 18:46:03][DEBUG][INFO] : [consumer_2------7]
[2019-06-11 18:46:03][DEBUG][INFO] : [consumer_1------6]
[2019-06-11 18:46:03][DEBUG][INFO] : [consumer_0------8]
[2019-06-11 18:49:18][DEBUG][INFO] : [consumer_0------huang]
[2019-06-11 18:49:18][DEBUG][INFO] : [consumer_0------rong]
[2019-06-11 18:49:18][DEBUG][INFO] : [consumer_1------xiang]
[2019-06-11 18:50:37][DEBUG][INFO] : [consumer_0------rong]
[2019-06-11 18:50:37][DEBUG][INFO] : [consumer_0------xiang]
[2019-06-11 18:50:37][DEBUG][INFO] : [consumer_0------huang]
[2019-06-12 06:24:58][DEBUG][ERROR] : [Class 'App\HttpController\Api\abc' not found at file:/home/vagrant/code/easyswoole/App/HttpController/Api/Index.php line:16]
[2019-06-12 07:50:56][DEBUG][WARNING] : [array_keys() expects parameter 1 to be array, null given at file:/home/vagrant/code/easyswoole/App/Libs/Upload/Base.php line:25]
[2019-06-12 07:50:58][DEBUG][WARNING] : [array_keys() expects parameter 1 to be array, null given at file:/home/vagrant/code/easyswoole/App/Libs/Upload/Base.php line:25]
[2019-06-12 07:52:05][DEBUG][WARNING] : [array_keys() expects parameter 1 to be array, null given at file:/home/vagrant/code/easyswoole/App/Libs/Upload/Base.php line:25]
[2019-06-12 07:52:56][DEBUG][WARNING] : [array_keys() expects parameter 1 to be array, null given at file:/home/vagrant/code/easyswoole/App/Libs/Upload/Base.php line:25]
[2019-06-12 07:52:57][DEBUG][WARNING] : [array_keys() expects parameter 1 to be array, null given at file:/home/vagrant/code/easyswoole/App/Libs/Upload/Base.php line:25]
[2019-06-12 07:54:38][DEBUG][NOTICE] : [Array to string conversion at file:/home/vagrant/code/easyswoole/App/HttpController/Api/Upload.php line:19]
[2019-06-12 07:54:38][DEBUG][ERROR] : [swoole exit at file:/home/vagrant/code/easyswoole/App/HttpController/Api/Upload.php line:19]
[2019-06-12 07:54:52][DEBUG][NOTICE] : [Array to string conversion at file:/home/vagrant/code/easyswoole/App/HttpController/Api/Upload.php line:19]
[2019-06-12 07:55:55][DEBUG][NOTICE] : [Undefined property: Swoole\Http\Request::$file at file:/home/vagrant/code/easyswoole/App/Libs/Upload/Base.php line:24]
[2019-06-12 07:55:55][DEBUG][WARNING] : [array_keys() expects parameter 1 to be array, null given at file:/home/vagrant/code/easyswoole/App/Libs/Upload/Base.php line:25]
[2019-06-12 07:56:37][DEBUG][NOTICE] : [Undefined property: Swoole\Http\Request::$file at file:/home/vagrant/code/easyswoole/App/HttpController/Api/Upload.php line:18]
[2019-06-12 07:56:37][DEBUG][NOTICE] : [Undefined property: Swoole\Http\Request::$file at file:/home/vagrant/code/easyswoole/App/Libs/Upload/Base.php line:24]
[2019-06-12 07:56:37][DEBUG][WARNING] : [array_keys() expects parameter 1 to be array, null given at file:/home/vagrant/code/easyswoole/App/Libs/Upload/Base.php line:25]
[2019-06-12 07:57:07][DEBUG][NOTICE] : [Undefined property: Swoole\Http\Request::$file at file:/home/vagrant/code/easyswoole/App/Libs/Upload/Base.php line:24]
[2019-06-12 07:57:07][DEBUG][WARNING] : [array_keys() expects parameter 1 to be array, null given at file:/home/vagrant/code/easyswoole/App/Libs/Upload/Base.php line:25]
[2019-06-12 10:26:44][DEBUG][WARNING] : [array_keys() expects parameter 1 to be array, null given at file:/home/vagrant/code/easyswoole/App/HttpController/Api/Upload.php line:19]
[2019-06-12 10:32:58][DEBUG][WARNING] : [array_keys() expects parameter 1 to be array, null given at file:/home/vagrant/code/easyswoole/App/HttpController/Api/Upload.php line:19]
[2019-06-12 21:17:55][DEBUG][NOTICE] : [Undefined index: driver at file:/home/vagrant/code/easyswoole/vendor/illuminate/database/DatabaseManager.php line:127]
[2019-06-12 21:17:55][DEBUG][NOTICE] : [Undefined index: driver at file:/home/vagrant/code/easyswoole/vendor/illuminate/database/Connectors/ConnectionFactory.php line:76]
[2019-06-12 21:17:55][DEBUG][ERROR] : [Unsupported driver [] at file:/home/vagrant/code/easyswoole/vendor/illuminate/database/Connectors/ConnectionFactory.php line:283]
[2019-06-12 22:16:52][DEBUG][ERROR] : [Call to a member function getObj() on null at file:/home/vagrant/code/easyswoole/App/Models/Model.php line:36]
[2019-06-12 22:20:10][DEBUG][ERROR] : [Call to a member function getObj() on null at file:/home/vagrant/code/easyswoole/App/Models/Model.php line:37]
[2019-06-12 22:21:38][DEBUG][ERROR] : [Call to a member function getObj() on null at file:/home/vagrant/code/easyswoole/App/Models/Model.php line:37]
[2019-06-12 22:25:40][DEBUG][ERROR] : [Call to a member function getObj() on null at file:/home/vagrant/code/easyswoole/App/Models/Model.php line:37]
[2019-06-12 22:30:26][DEBUG][ERROR] : [Class 'App\Models\Mysqli' not found at file:/home/vagrant/code/easyswoole/App/Models/Model.php line:37]
[2019-06-12 22:38:10][DEBUG][ERROR] : [syntax error, unexpected '->' (T_OBJECT_OPERATOR) at file:/home/vagrant/code/easyswoole/App/HttpController/Api/Video.php line:31]
[2019-06-12 22:46:08][DEBUG][ERROR] : [Return value of EasySwoole\Mysqli\DbObject::getDb() must be an instance of EasySwoole\Mysqli\Mysqli, null returned at file:/home/vagrant/code/easyswoole/vendor/easyswoole/mysqli/src/DbObject.php line:502]
[2019-06-12 22:47:36][DEBUG][ERROR] : [Return value of EasySwoole\Mysqli\DbObject::getDb() must be an instance of EasySwoole\Mysqli\Mysqli, null returned at file:/home/vagrant/code/easyswoole/vendor/easyswoole/mysqli/src/DbObject.php line:502]
[2019-06-12 23:00:56][DEBUG][ERROR] : [Call to a member function getObj() on null at file:/home/vagrant/code/easyswoole/App/Models/Model.php line:37]
[2019-06-12 23:04:07][DEBUG][ERROR] : [syntax error, unexpected ';', expecting ',' or ')' at file:/home/vagrant/code/easyswoole/vendor/easyswoole/mysqli/src/DbObject.php line:270]
[2019-06-12 23:37:50][DEBUG][ERROR] : [table error at file:/home/vagrant/code/easyswoole/App/Models/Model.php line:13]
[2019-06-13 00:52:12][DEBUG][NOTICE] : [Undefined index: name at file:/home/vagrant/code/easyswoole/App/HttpController/Api/Video.php line:23]
[2019-06-13 01:00:44][DEBUG][NOTICE] : [Undefined index: image at file:/home/vagrant/code/easyswoole/App/HttpController/Api/Video.php line:25]
[2019-06-13 01:04:59][DEBUG][NOTICE] : [Undefined index: image at file:/home/vagrant/code/easyswoole/App/HttpController/Api/Video.php line:41]
[2019-06-13 01:05:16][DEBUG][NOTICE] : [Undefined index: image at file:/home/vagrant/code/easyswoole/App/HttpController/Api/Video.php line:41]
[2019-06-13 01:05:43][DEBUG][NOTICE] : [Undefined index: image at file:/home/vagrant/code/easyswoole/App/HttpController/Api/Video.php line:41]
[2019-06-13 01:18:04][DEBUG][INFO] : [Video-Add-log: {"name":"\u9ec4\u5411\u8363","image":"1","url":"1","content":"1","cat_id":"1"}
]
[2019-06-13 01:19:06][DEBUG][INFO] : [Video-Add-log: {"name":"\u9ec4\u5411\u8363","image":"1","url":"1","content":"1","cat_id":"1"}
]
[2019-06-13 10:02:12][DEBUG][ERROR] : [Call to a member function getAcsResponse() on null at file:/home/vagrant/code/easyswoole/App/Libs/AliyunSdk/AliVod.php line:47]
[2019-06-13 10:04:23][DEBUG][ERROR] : [Call to a member function getAcsResponse() on null at file:/home/vagrant/code/easyswoole/App/Libs/AliyunSdk/AliVod.php line:47]
[2019-06-13 10:06:26][DEBUG][NOTICE] : [Undefined index: cn-shanghai#vod at file:/home/vagrant/code/easyswoole/App/Libs/AliyunSdk/aliyun-php-sdk-core/Regions/LocationService.php line:58]
[2019-06-13 10:33:33][DEBUG][NOTICE] : [Undefined index: cn-shanghai#vod at file:/home/vagrant/code/easyswoole/App/Libs/AliyunSdk/aliyun-php-sdk-core/Regions/LocationService.php line:82]
[2019-06-13 10:55:35][DEBUG][WARNING] : [file_put_contents(/home/vagrant/code/easyswoole/Public/video/2019/06/6785cf533236e364.mp4): failed to open stream: No such file or directory at file:/home/vagrant/code/easyswoole/vendor/easyswoole/http/src/Message/UploadFile.php line:46]
[2019-06-13 10:55:57][DEBUG][WARNING] : [file_put_contents(/home/vagrant/code/easyswoole/Public/video/2019/06/0951f52e42903fd3.mp4): failed to open stream: No such file or directory at file:/home/vagrant/code/easyswoole/vendor/easyswoole/http/src/Message/UploadFile.php line:46]
[2019-06-13 10:56:55][DEBUG][WARNING] : [file_put_contents(/home/vagrant/code/easyswoole/Public/video/2019/06/389a5400bf19a70d.mp4): failed to open stream: No such file or directory at file:/home/vagrant/code/easyswoole/vendor/easyswoole/http/src/Message/UploadFile.php line:46]
[2019-06-13 11:01:57][DEBUG][ERROR] : [Uncaught Swoole\Exception: failed to listen server port[0.0.0.0:9501], Error: Address already in use[98] in /home/vagrant/code/easyswoole/vendor/easyswoole/easyswoole/src/ServerManager.php:56
Stack trace:
#0 /home/vagrant/code/easyswoole/vendor/easyswoole/easyswoole/src/ServerManager.php(56): Swoole\Server->__construct('0.0.0.0', 9501, 2, 1)
#1 /home/vagrant/code/easyswoole/vendor/easyswoole/easyswoole/src/Core.php(117): EasySwoole\EasySwoole\ServerManager->createSwooleServer(9501, 2, '0.0.0.0', Array, 2, 1)
#2 /home/vagrant/code/easyswoole/vendor/easyswoole/easyswoole/src/Command/DefaultCommand/Start.php(42): EasySwoole\EasySwoole\Core->createServer()
#3 /home/vagrant/code/easyswoole/vendor/easyswoole/easyswoole/src/Command/CommandContainer.php(44): EasySwoole\EasySwoole\Command\DefaultCommand\Start->exec(Array)
#4 /home/vagrant/code/easyswoole/vendor/easyswoole/easyswoole/src/Command/CommandRunner.php(52): EasySwoole\EasySwoole\Command\CommandContainer->hook('start', Array)
#5 /home/vagrant/code/easyswoole/ at file:/home/vagrant/code/easyswoole/vendor/easyswoole/easyswoole/src/ServerManager.php line:56]
[2019-06-13 18:18:17][DEBUG][WARNING] : [Object of class EasySwoole\Mysqli\Mysqli could not be converted to string at file:/home/vagrant/code/easyswoole/App/Models/Video.php line:19]
[2019-06-13 19:08:45][DEBUG][ERROR] : [syntax error, unexpected '$res' (T_VARIABLE) at file:/home/vagrant/code/easyswoole/App/Models/Video.php line:21]
[2019-06-14 06:39:00][DEBUG][ERROR] : [Uncaught InvalidArgumentException: the cron task class EasySwoole\EasySwoole\TaskOne is invalid in /home/vagrant/code/easyswoole/vendor/easyswoole/easyswoole/src/Crontab/Crontab.php:45
Stack trace:
#0 /home/vagrant/code/easyswoole/EasySwooleEvent.php(57): EasySwoole\EasySwoole\Crontab\Crontab->addTask('EasySwoole\\Easy...')
#1 /home/vagrant/code/easyswoole/vendor/easyswoole/easyswoole/src/Core.php(121): EasySwoole\EasySwoole\EasySwooleEvent::mainServerCreate(Object(EasySwoole\EasySwoole\Swoole\EventRegister))
#2 /home/vagrant/code/easyswoole/vendor/easyswoole/easyswoole/src/Command/DefaultCommand/Start.php(42): EasySwoole\EasySwoole\Core->createServer()
#3 /home/vagrant/code/easyswoole/vendor/easyswoole/easyswoole/src/Command/CommandContainer.php(44): EasySwoole\EasySwoole\Command\DefaultCommand\Start->exec(Array)
#4 /home/vagrant/code/easyswoole/vendor/easyswoole/easyswoole/src/Command/CommandRunner.php(52): EasySwoole\EasySwoole\Command\CommandContainer->hook('start', Array)
#5 /home/vagrant/code/easyswoole at file:/home/vagrant/code/easyswoole/vendor/easyswoole/easyswoole/src/Crontab/Crontab.php line:45]
[2019-06-14 06:40:59][DEBUG][ERROR] : [Uncaught InvalidArgumentException: the cron task class EasySwoole\EasySwoole\TaskOne is invalid in /home/vagrant/code/easyswoole/vendor/easyswoole/easyswoole/src/Crontab/Crontab.php:45
Stack trace:
#0 /home/vagrant/code/easyswoole/EasySwooleEvent.php(57): EasySwoole\EasySwoole\Crontab\Crontab->addTask('EasySwoole\\Easy...')
#1 /home/vagrant/code/easyswoole/vendor/easyswoole/easyswoole/src/Core.php(121): EasySwoole\EasySwoole\EasySwooleEvent::mainServerCreate(Object(EasySwoole\EasySwoole\Swoole\EventRegister))
#2 /home/vagrant/code/easyswoole/vendor/easyswoole/easyswoole/src/Command/DefaultCommand/Start.php(42): EasySwoole\EasySwoole\Core->createServer()
#3 /home/vagrant/code/easyswoole/vendor/easyswoole/easyswoole/src/Command/CommandContainer.php(44): EasySwoole\EasySwoole\Command\DefaultCommand\Start->exec(Array)
#4 /home/vagrant/code/easyswoole/vendor/easyswoole/easyswoole/src/Command/CommandRunner.php(52): EasySwoole\EasySwoole\Command\CommandContainer->hook('start', Array)
#5 /home/vagrant/code/easyswoole at file:/home/vagrant/code/easyswoole/vendor/easyswoole/easyswoole/src/Crontab/Crontab.php line:45]
[2019-06-14 06:41:36][DEBUG][ERROR] : [Uncaught InvalidArgumentException: the cron task class EasySwoole\EasySwoole\TaskTwo is invalid in /home/vagrant/code/easyswoole/vendor/easyswoole/easyswoole/src/Crontab/Crontab.php:45
Stack trace:
#0 /home/vagrant/code/easyswoole/EasySwooleEvent.php(59): EasySwoole\EasySwoole\Crontab\Crontab->addTask('EasySwoole\\Easy...')
#1 /home/vagrant/code/easyswoole/vendor/easyswoole/easyswoole/src/Core.php(121): EasySwoole\EasySwoole\EasySwooleEvent::mainServerCreate(Object(EasySwoole\EasySwoole\Swoole\EventRegister))
#2 /home/vagrant/code/easyswoole/vendor/easyswoole/easyswoole/src/Command/DefaultCommand/Start.php(42): EasySwoole\EasySwoole\Core->createServer()
#3 /home/vagrant/code/easyswoole/vendor/easyswoole/easyswoole/src/Command/CommandContainer.php(44): EasySwoole\EasySwoole\Command\DefaultCommand\Start->exec(Array)
#4 /home/vagrant/code/easyswoole/vendor/easyswoole/easyswoole/src/Command/CommandRunner.php(52): EasySwoole\EasySwoole\Command\CommandContainer->hook('start', Array)
#5 /home/vagrant/code/easyswoole at file:/home/vagrant/code/easyswoole/vendor/easyswoole/easyswoole/src/Crontab/Crontab.php line:45]
[2019-06-14 22:05:07][DEBUG][NOTICE] : [Undefined index: id at file:/home/vagrant/code/easyswoole/App/HttpController/Api/Video.php line:23]
[2019-06-15 07:14:23][DEBUG][WARNING] : [Use of undefined constant WITHSCORES - assumed 'WITHSCORES' (this will throw an Error in a future version of PHP) at file:/home/vagrant/code/easyswoole/App/HttpController/Api/Video.php line:50]
[2019-06-15 07:14:38][DEBUG][WARNING] : [Use of undefined constant WITHSCORES - assumed 'WITHSCORES' (this will throw an Error in a future version of PHP) at file:/home/vagrant/code/easyswoole/App/HttpController/Api/Video.php line:50]
[2019-06-15 07:14:44][DEBUG][WARNING] : [Use of undefined constant WITHSCORES - assumed 'WITHSCORES' (this will throw an Error in a future version of PHP) at file:/home/vagrant/code/easyswoole/App/HttpController/Api/Video.php line:50]
[2019-06-15 07:14:58][DEBUG][WARNING] : [Use of undefined constant WITHSCORES - assumed 'WITHSCORES' (this will throw an Error in a future version of PHP) at file:/home/vagrant/code/easyswoole/App/HttpController/Api/Video.php line:50]
[2019-06-15 07:15:05][DEBUG][WARNING] : [Use of undefined constant WITHSCORES - assumed 'WITHSCORES' (this will throw an Error in a future version of PHP) at file:/home/vagrant/code/easyswoole/App/HttpController/Api/Video.php line:50]
[2019-06-15 07:15:12][DEBUG][WARNING] : [Use of undefined constant WITHSCORES - assumed 'WITHSCORES' (this will throw an Error in a future version of PHP) at file:/home/vagrant/code/easyswoole/App/HttpController/Api/Video.php line:50]
[2019-06-15 07:15:16][DEBUG][WARNING] : [Use of undefined constant WITHSCORES - assumed 'WITHSCORES' (this will throw an Error in a future version of PHP) at file:/home/vagrant/code/easyswoole/App/HttpController/Api/Video.php line:50]
[2019-06-15 07:15:22][DEBUG][WARNING] : [Use of undefined constant WITHSCORES - assumed 'WITHSCORES' (this will throw an Error in a future version of PHP) at file:/home/vagrant/code/easyswoole/App/HttpController/Api/Video.php line:50]
[2019-06-15 07:15:26][DEBUG][WARNING] : [Use of undefined constant WITHSCORES - assumed 'WITHSCORES' (this will throw an Error in a future version of PHP) at file:/home/vagrant/code/easyswoole/App/HttpController/Api/Video.php line:50]
[2019-06-15 07:15:29][DEBUG][WARNING] : [Use of undefined constant WITHSCORES - assumed 'WITHSCORES' (this will throw an Error in a future version of PHP) at file:/home/vagrant/code/easyswoole/App/HttpController/Api/Video.php line:50]
[2019-06-15 07:15:42][DEBUG][WARNING] : [Use of undefined constant WITHSCORES - assumed 'WITHSCORES' (this will throw an Error in a future version of PHP) at file:/home/vagrant/code/easyswoole/App/HttpController/Api/Video.php line:50]
[2019-06-15 07:15:47][DEBUG][WARNING] : [Use of undefined constant WITHSCORES - assumed 'WITHSCORES' (this will throw an Error in a future version of PHP) at file:/home/vagrant/code/easyswoole/App/HttpController/Api/Video.php line:50]
[2019-06-15 07:16:01][DEBUG][WARNING] : [Use of undefined constant WITHSCORES - assumed 'WITHSCORES' (this will throw an Error in a future version of PHP) at file:/home/vagrant/code/easyswoole/App/HttpController/Api/Video.php line:50]
[2019-06-15 07:16:06][DEBUG][WARNING] : [Use of undefined constant WITHSCORES - assumed 'WITHSCORES' (this will throw an Error in a future version of PHP) at file:/home/vagrant/code/easyswoole/App/HttpController/Api/Video.php line:50]
[2019-06-15 07:16:11][DEBUG][WARNING] : [Use of undefined constant WITHSCORES - assumed 'WITHSCORES' (this will throw an Error in a future version of PHP) at file:/home/vagrant/code/easyswoole/App/HttpController/Api/Video.php line:50]
[2019-06-15 07:16:19][DEBUG][WARNING] : [Use of undefined constant WITHSCORES - assumed 'WITHSCORES' (this will throw an Error in a future version of PHP) at file:/home/vagrant/code/easyswoole/App/HttpController/Api/Video.php line:50]
[2019-06-15 07:17:25][DEBUG][WARNING] : [Use of undefined constant WITHSCORES - assumed 'WITHSCORES' (this will throw an Error in a future version of PHP) at file:/home/vagrant/code/easyswoole/App/HttpController/Api/Video.php line:50]
[2019-06-15 16:59:05][DEBUG][ERROR] : [Class 'App\HttpController\Api\abc' not found at file:/home/vagrant/code/easyswoole/App/HttpController/Api/Index.php line:16]
[2019-06-15 16:59:12][DEBUG][ERROR] : [Class 'App\HttpController\Api\abc' not found at file:/home/vagrant/code/easyswoole/App/HttpController/Api/Index.php line:16]
[2019-06-15 16:59:32][DEBUG][ERROR] : [Class 'App\HttpController\Api\abc' not found at file:/home/vagrant/code/easyswoole/App/HttpController/Api/Index.php line:16]
[2019-06-15 17:02:27][DEBUG][NOTICE] : [Undefined index: id at file:/home/vagrant/code/easyswoole/App/HttpController/Api/Video.php line:25]
[2019-06-18 11:12:28][DEBUG][WARNING] : [array_unshift() expects parameter 1 to be array, null given at file:/home/vagrant/code/easyswoole/App/Crontab/TaskVideo.php line:41]
[2019-06-18 11:12:28][DEBUG][WARNING] : [Invalid argument supplied for foreach() at file:/home/vagrant/code/easyswoole/App/Crontab/TaskVideo.php line:46]
[2019-06-18 11:12:34][DEBUG][WARNING] : [array_unshift() expects parameter 1 to be array, null given at file:/home/vagrant/code/easyswoole/App/Crontab/TaskVideo.php line:41]
[2019-06-18 11:12:34][DEBUG][WARNING] : [Invalid argument supplied for foreach() at file:/home/vagrant/code/easyswoole/App/Crontab/TaskVideo.php line:46]
[2019-06-18 11:12:36][DEBUG][WARNING] : [array_unshift() expects parameter 1 to be array, null given at file:/home/vagrant/code/easyswoole/App/Crontab/TaskVideo.php line:41]
[2019-06-18 11:12:36][DEBUG][WARNING] : [Invalid argument supplied for foreach() at file:/home/vagrant/code/easyswoole/App/Crontab/TaskVideo.php line:46]
[2019-06-18 11:12:37][DEBUG][WARNING] : [array_unshift() expects parameter 1 to be array, null given at file:/home/vagrant/code/easyswoole/App/Crontab/TaskVideo.php line:41]
[2019-06-18 11:12:37][DEBUG][WARNING] : [Invalid argument supplied for foreach() at file:/home/vagrant/code/easyswoole/App/Crontab/TaskVideo.php line:46]
[2019-06-18 11:12:39][DEBUG][WARNING] : [array_unshift() expects parameter 1 to be array, null given at file:/home/vagrant/code/easyswoole/App/Crontab/TaskVideo.php line:41]
[2019-06-18 11:12:39][DEBUG][WARNING] : [Invalid argument supplied for foreach() at file:/home/vagrant/code/easyswoole/App/Crontab/TaskVideo.php line:46]
[2019-06-18 11:12:41][DEBUG][WARNING] : [array_unshift() expects parameter 1 to be array, null given at file:/home/vagrant/code/easyswoole/App/Crontab/TaskVideo.php line:41]
[2019-06-18 11:12:41][DEBUG][WARNING] : [Invalid argument supplied for foreach() at file:/home/vagrant/code/easyswoole/App/Crontab/TaskVideo.php line:46]
[2019-06-18 11:12:43][DEBUG][WARNING] : [array_unshift() expects parameter 1 to be array, null given at file:/home/vagrant/code/easyswoole/App/Crontab/TaskVideo.php line:41]
[2019-06-18 11:12:43][DEBUG][WARNING] : [Invalid argument supplied for foreach() at file:/home/vagrant/code/easyswoole/App/Crontab/TaskVideo.php line:46]
[2019-06-18 11:12:45][DEBUG][WARNING] : [array_unshift() expects parameter 1 to be array, null given at file:/home/vagrant/code/easyswoole/App/Crontab/TaskVideo.php line:41]
[2019-06-18 11:12:45][DEBUG][WARNING] : [Invalid argument supplied for foreach() at file:/home/vagrant/code/easyswoole/App/Crontab/TaskVideo.php line:46]
[2019-06-18 11:12:47][DEBUG][WARNING] : [array_unshift() expects parameter 1 to be array, null given at file:/home/vagrant/code/easyswoole/App/Crontab/TaskVideo.php line:41]
[2019-06-18 11:12:47][DEBUG][WARNING] : [Invalid argument supplied for foreach() at file:/home/vagrant/code/easyswoole/App/Crontab/TaskVideo.php line:46]
[2019-06-18 11:12:49][DEBUG][WARNING] : [array_unshift() expects parameter 1 to be array, null given at file:/home/vagrant/code/easyswoole/App/Crontab/TaskVideo.php line:41]
[2019-06-18 11:12:49][DEBUG][WARNING] : [Invalid argument supplied for foreach() at file:/home/vagrant/code/easyswoole/App/Crontab/TaskVideo.php line:46]
[2019-06-18 11:12:51][DEBUG][WARNING] : [array_unshift() expects parameter 1 to be array, null given at file:/home/vagrant/code/easyswoole/App/Crontab/TaskVideo.php line:41]
[2019-06-18 11:12:51][DEBUG][WARNING] : [Invalid argument supplied for foreach() at file:/home/vagrant/code/easyswoole/App/Crontab/TaskVideo.php line:46]
[2019-06-18 11:12:53][DEBUG][WARNING] : [array_unshift() expects parameter 1 to be array, null given at file:/home/vagrant/code/easyswoole/App/Crontab/TaskVideo.php line:41]
[2019-06-18 11:12:53][DEBUG][WARNING] : [Invalid argument supplied for foreach() at file:/home/vagrant/code/easyswoole/App/Crontab/TaskVideo.php line:46]
[2019-06-18 11:12:55][DEBUG][WARNING] : [array_unshift() expects parameter 1 to be array, null given at file:/home/vagrant/code/easyswoole/App/Crontab/TaskVideo.php line:41]
[2019-06-18 11:12:55][DEBUG][WARNING] : [Invalid argument supplied for foreach() at file:/home/vagrant/code/easyswoole/App/Crontab/TaskVideo.php line:46]
[2019-06-18 11:12:57][DEBUG][WARNING] : [array_unshift() expects parameter 1 to be array, null given at file:/home/vagrant/code/easyswoole/App/Crontab/TaskVideo.php line:41]
[2019-06-18 11:12:57][DEBUG][WARNING] : [Invalid argument supplied for foreach() at file:/home/vagrant/code/easyswoole/App/Crontab/TaskVideo.php line:46]
[2019-06-18 11:12:59][DEBUG][WARNING] : [array_unshift() expects parameter 1 to be array, null given at file:/home/vagrant/code/easyswoole/App/Crontab/TaskVideo.php line:41]
[2019-06-18 11:12:59][DEBUG][WARNING] : [Invalid argument supplied for foreach() at file:/home/vagrant/code/easyswoole/App/Crontab/TaskVideo.php line:46]
[2019-06-18 11:13:01][DEBUG][WARNING] : [array_unshift() expects parameter 1 to be array, null given at file:/home/vagrant/code/easyswoole/App/Crontab/TaskVideo.php line:41]
[2019-06-18 11:13:01][DEBUG][WARNING] : [Invalid argument supplied for foreach() at file:/home/vagrant/code/easyswoole/App/Crontab/TaskVideo.php line:46]
[2019-06-18 11:13:03][DEBUG][WARNING] : [array_unshift() expects parameter 1 to be array, null given at file:/home/vagrant/code/easyswoole/App/Crontab/TaskVideo.php line:41]
[2019-06-18 11:13:03][DEBUG][WARNING] : [Invalid argument supplied for foreach() at file:/home/vagrant/code/easyswoole/App/Crontab/TaskVideo.php line:46]
[2019-06-18 11:13:05][DEBUG][WARNING] : [array_unshift() expects parameter 1 to be array, null given at file:/home/vagrant/code/easyswoole/App/Crontab/TaskVideo.php line:41]
[2019-06-18 11:13:05][DEBUG][WARNING] : [Invalid argument supplied for foreach() at file:/home/vagrant/code/easyswoole/App/Crontab/TaskVideo.php line:46]
[2019-06-18 11:13:07][DEBUG][WARNING] : [array_unshift() expects parameter 1 to be array, null given at file:/home/vagrant/code/easyswoole/App/Crontab/TaskVideo.php line:41]
[2019-06-18 11:13:07][DEBUG][WARNING] : [Invalid argument supplied for foreach() at file:/home/vagrant/code/easyswoole/App/Crontab/TaskVideo.php line:46]
[2019-06-18 11:13:09][DEBUG][WARNING] : [array_unshift() expects parameter 1 to be array, null given at file:/home/vagrant/code/easyswoole/App/Crontab/TaskVideo.php line:41]
[2019-06-18 11:13:09][DEBUG][WARNING] : [Invalid argument supplied for foreach() at file:/home/vagrant/code/easyswoole/App/Crontab/TaskVideo.php line:46]
[2019-06-18 11:13:11][DEBUG][WARNING] : [array_unshift() expects parameter 1 to be array, null given at file:/home/vagrant/code/easyswoole/App/Crontab/TaskVideo.php line:41]
[2019-06-18 11:13:11][DEBUG][WARNING] : [Invalid argument supplied for foreach() at file:/home/vagrant/code/easyswoole/App/Crontab/TaskVideo.php line:46]
[2019-06-18 11:13:13][DEBUG][WARNING] : [array_unshift() expects parameter 1 to be array, null given at file:/home/vagrant/code/easyswoole/App/Crontab/TaskVideo.php line:41]
[2019-06-18 11:13:13][DEBUG][WARNING] : [Invalid argument supplied for foreach() at file:/home/vagrant/code/easyswoole/App/Crontab/TaskVideo.php line:46]
[2019-06-18 11:13:15][DEBUG][WARNING] : [array_unshift() expects parameter 1 to be array, null given at file:/home/vagrant/code/easyswoole/App/Crontab/TaskVideo.php line:41]
[2019-06-18 11:13:15][DEBUG][WARNING] : [Invalid argument supplied for foreach() at file:/home/vagrant/code/easyswoole/App/Crontab/TaskVideo.php line:46]
[2019-06-18 11:13:17][DEBUG][WARNING] : [array_unshift() expects parameter 1 to be array, null given at file:/home/vagrant/code/easyswoole/App/Crontab/TaskVideo.php line:41]
[2019-06-18 11:13:17][DEBUG][WARNING] : [Invalid argument supplied for foreach() at file:/home/vagrant/code/easyswoole/App/Crontab/TaskVideo.php line:46]
[2019-06-18 11:13:19][DEBUG][WARNING] : [array_unshift() expects parameter 1 to be array, null given at file:/home/vagrant/code/easyswoole/App/Crontab/TaskVideo.php line:41]
[2019-06-18 11:13:19][DEBUG][WARNING] : [Invalid argument supplied for foreach() at file:/home/vagrant/code/easyswoole/App/Crontab/TaskVideo.php line:46]
[2019-06-18 11:13:21][DEBUG][WARNING] : [array_unshift() expects parameter 1 to be array, null given at file:/home/vagrant/code/easyswoole/App/Crontab/TaskVideo.php line:41]
[2019-06-18 11:13:21][DEBUG][WARNING] : [Invalid argument supplied for foreach() at file:/home/vagrant/code/easyswoole/App/Crontab/TaskVideo.php line:46]
[2019-06-18 11:13:23][DEBUG][WARNING] : [array_unshift() expects parameter 1 to be array, null given at file:/home/vagrant/code/easyswoole/App/Crontab/TaskVideo.php line:41]
[2019-06-18 11:13:23][DEBUG][WARNING] : [Invalid argument supplied for foreach() at file:/home/vagrant/code/easyswoole/App/Crontab/TaskVideo.php line:46]
[2019-06-18 11:13:25][DEBUG][WARNING] : [array_unshift() expects parameter 1 to be array, null given at file:/home/vagrant/code/easyswoole/App/Crontab/TaskVideo.php line:41]
[2019-06-18 11:13:25][DEBUG][WARNING] : [Invalid argument supplied for foreach() at file:/home/vagrant/code/easyswoole/App/Crontab/TaskVideo.php line:46]
[2019-06-18 11:13:27][DEBUG][WARNING] : [array_unshift() expects parameter 1 to be array, null given at file:/home/vagrant/code/easyswoole/App/Crontab/TaskVideo.php line:41]
[2019-06-18 11:13:27][DEBUG][WARNING] : [Invalid argument supplied for foreach() at file:/home/vagrant/code/easyswoole/App/Crontab/TaskVideo.php line:46]
[2019-06-18 11:46:00][DEBUG][ERROR] : [Call to a member function search() on null at file:/home/vagrant/code/easyswoole/App/Models/Es/EsClient.php line:28]
[2019-06-18 11:46:02][DEBUG][ERROR] : [Call to a member function search() on null at file:/home/vagrant/code/easyswoole/App/Models/Es/EsClient.php line:28]
[2019-06-18 11:46:03][DEBUG][ERROR] : [Call to a member function search() on null at file:/home/vagrant/code/easyswoole/App/Models/Es/EsClient.php line:28]
[2019-06-18 11:46:03][DEBUG][ERROR] : [Call to a member function search() on null at file:/home/vagrant/code/easyswoole/App/Models/Es/EsClient.php line:28]
[2019-06-18 11:46:04][DEBUG][ERROR] : [Call to a member function search() on null at file:/home/vagrant/code/easyswoole/App/Models/Es/EsClient.php line:28]
[2019-06-18 11:46:05][DEBUG][ERROR] : [Call to a member function search() on null at file:/home/vagrant/code/easyswoole/App/Models/Es/EsClient.php line:28]
[2019-06-18 11:46:05][DEBUG][ERROR] : [Call to a member function search() on null at file:/home/vagrant/code/easyswoole/App/Models/Es/EsClient.php line:28]
[2019-06-18 11:46:06][DEBUG][ERROR] : [Call to a member function search() on null at file:/home/vagrant/code/easyswoole/App/Models/Es/EsClient.php line:28]
[2019-06-18 11:46:39][DEBUG][ERROR] : [Call to a member function search() on null at file:/home/vagrant/code/easyswoole/App/Models/Es/EsClient.php line:28]
[2019-06-18 11:49:57][DEBUG][ERROR] : [Call to a member function search() on null at file:/home/vagrant/code/easyswoole/App/Models/Es/EsClient.php line:28]
[2019-06-18 11:52:13][DEBUG][ERROR] : [syntax error, unexpected 'return' (T_RETURN) at file:/home/vagrant/code/easyswoole/App/Models/Es/EsClient.php line:29]
[2019-06-18 11:52:36][DEBUG][ERROR] : [Call to a member function search() on null at file:/home/vagrant/code/easyswoole/App/Models/Es/EsClient.php line:29]
[2019-06-18 15:00:23][DEBUG][ERROR] : [Class 'Yaconf' not found at file:/home/vagrant/code/easyswoole/App/HttpController/Api/Video.php line:39]
